<?xml version="1.0" encoding="UTF-8"?>
<!-- Generated by org.testng.reporters.JUnitReportReporter -->
<testsuite hostname="DESKTOP-OFOTO14" failures="0" tests="4" name="org.test.insureme.AppTest" time="0.016" errors="0" timestamp="27 Nov 2023 02:35:02 GMT">
  <testcase classname="org.test.insureme.AppTest" name="testMethodOne" time="0.002"/>
  <testcase classname="org.test.insureme.AppTest" name="testMethodThree" time="0.011"/>
  <testcase classname="org.test.insureme.AppTest" name="testMethodTwo" time="0.001"/>
  <testcase classname="org.test.insureme.AppTest" name="shouldAnswerWithTrue" time="0.002"/>
</testsuite> <!-- org.test.insureme.AppTest -->
